{
  "RSpec": {
    "coverage": {
      "/Users/hasansonmez/Projects/tech-test/Event-Finder/spec/event_finder_spec.rb": [
        1,
        null,
        1,
        3,
        null,
        1,
        1,
        null,
        null,
        1,
        1,
        null,
        null
      ],
      "/Users/hasansonmez/Projects/tech-test/Event-Finder/lib/event_finder.rb": [
        1,
        null,
        1,
        1,
        null,
        1,
        2,
        null,
        null,
        1,
        1,
        1,
        null,
        1,
        null,
        1,
        1,
        4,
        null,
        null,
        1,
        null,
        null,
        1,
        null,
        1,
        1,
        null,
        1,
        21,
        441,
        null,
        200,
        200,
        null,
        200,
        null,
        null,
        null,
        201,
        null,
        null,
        1,
        1,
        null,
        null,
        1,
        1,
        null,
        1,
        5,
        null,
        5,
        1,
        1,
        null,
        4,
        4,
        null,
        null,
        5,
        null,
        null,
        1,
        null,
        null
      ],
      "/Users/hasansonmez/Projects/tech-test/Event-Finder/lib/locations.rb": [
        1,
        null,
        1,
        1,
        null,
        1,
        3,
        null,
        null,
        1,
        1,
        66,
        null,
        3,
        1386,
        null,
        null,
        3,
        null,
        null,
        null
      ],
      "/Users/hasansonmez/Projects/tech-test/Event-Finder/lib/event.rb": [
        1,
        null,
        1,
        1,
        1,
        null,
        1,
        629,
        629,
        null,
        null,
        1,
        3,
        2,
        null,
        null,
        1,
        3,
        2,
        1,
        null,
        null,
        1,
        null,
        1,
        629,
        null,
        null,
        1,
        629,
        null,
        629,
        3008,
        null,
        null,
        629,
        null,
        null,
        null
      ],
      "/Users/hasansonmez/Projects/tech-test/Event-Finder/lib/ticket.rb": [
        1,
        1,
        null,
        1,
        null,
        1,
        3016,
        3016,
        null,
        null,
        1,
        2,
        1,
        null,
        null,
        1,
        4,
        3,
        null,
        null,
        1,
        1,
        3015,
        null,
        null,
        null
      ],
      "/Users/hasansonmez/Projects/tech-test/Event-Finder/spec/event_spec.rb": [
        1,
        1,
        null,
        1,
        7,
        null,
        1,
        1,
        1,
        null,
        null,
        1,
        1,
        1,
        1,
        1,
        null,
        null,
        1,
        1,
        1,
        2,
        null,
        null,
        null,
        1,
        1,
        1,
        1,
        null,
        1,
        null,
        null,
        1,
        1,
        1,
        1,
        2,
        null,
        null,
        1,
        1,
        1,
        2,
        null,
        null,
        null,
        null
      ],
      "/Users/hasansonmez/Projects/tech-test/Event-Finder/spec/locations_spec.rb": [
        1,
        null,
        1,
        2,
        null,
        1,
        1,
        null,
        null
      ],
      "/Users/hasansonmez/Projects/tech-test/Event-Finder/spec/ticket_spec.rb": [
        1,
        null,
        1,
        5,
        null,
        1,
        1,
        1,
        null,
        null,
        1,
        1,
        1,
        1,
        1,
        null,
        1,
        1,
        1,
        null,
        null,
        1,
        1,
        1,
        null,
        1,
        2,
        null,
        null,
        null,
        1,
        1,
        1,
        1,
        null,
        null,
        1,
        1,
        null,
        1,
        2,
        null,
        null,
        null
      ]
    },
    "timestamp": 1502089582
  }
}
