{
  "RSpec": {
    "coverage": {
      "/Users/hasansonmez/Projects/tech-test/Event-Finder/spec/event_finder_spec.rb": [
        1,
        null,
        1,
        3,
        null,
        1,
        1,
        null,
        null,
        1,
        1,
        null,
        null
      ],
      "/Users/hasansonmez/Projects/tech-test/Event-Finder/lib/event_finder.rb": [
        1,
        null,
        1,
        1,
        null,
        1,
        2,
        null,
        null,
        1,
        1,
        1,
        null,
        1,
        null,
        1,
        1,
        4,
        null,
        null,
        1,
        null,
        null,
        1,
        null,
        1,
        1,
        null,
        1,
        21,
        441,
        null,
        210,
        210,
        null,
        210,
        null,
        null,
        null,
        211,
        null,
        null,
        1,
        1,
        null,
        null,
        1,
        1,
        null,
        1,
        5,
        null,
        5,
        0,
        null,
        5,
        null,
        null,
        5,
        5,
        null,
        null,
        1,
        null,
        null
      ],
      "/Users/hasansonmez/Projects/tech-test/Event-Finder/lib/locations.rb": [
        1,
        null,
        1,
        1,
        null,
        1,
        3,
        null,
        null,
        1,
        1,
        66,
        null,
        3,
        1386,
        null,
        null,
        3,
        null,
        null,
        null
      ],
      "/Users/hasansonmez/Projects/tech-test/Event-Finder/lib/event.rb": [
        1,
        null,
        1,
        1,
        1,
        null,
        1,
        666,
        666,
        null,
        null,
        1,
        3,
        2,
        null,
        null,
        1,
        3,
        2,
        1,
        null,
        null,
        1,
        null,
        1,
        666,
        null,
        null,
        1,
        666,
        null,
        666,
        3321,
        null,
        null,
        666,
        null,
        null,
        null
      ],
      "/Users/hasansonmez/Projects/tech-test/Event-Finder/lib/ticket.rb": [
        1,
        1,
        null,
        1,
        null,
        1,
        3329,
        3329,
        null,
        null,
        1,
        2,
        1,
        null,
        null,
        1,
        4,
        3,
        null,
        null,
        1,
        1,
        3328,
        null,
        null,
        null
      ],
      "/Users/hasansonmez/Projects/tech-test/Event-Finder/spec/event_spec.rb": [
        1,
        1,
        null,
        1,
        7,
        null,
        1,
        1,
        1,
        null,
        null,
        1,
        1,
        1,
        1,
        1,
        null,
        null,
        1,
        1,
        1,
        2,
        null,
        null,
        null,
        1,
        1,
        1,
        1,
        null,
        1,
        null,
        null,
        1,
        1,
        1,
        1,
        2,
        null,
        null,
        1,
        1,
        1,
        2,
        null,
        null,
        null,
        null
      ],
      "/Users/hasansonmez/Projects/tech-test/Event-Finder/spec/locations_spec.rb": [
        1,
        null,
        1,
        2,
        null,
        1,
        1,
        null,
        null
      ],
      "/Users/hasansonmez/Projects/tech-test/Event-Finder/spec/ticket_spec.rb": [
        1,
        null,
        1,
        5,
        null,
        1,
        1,
        1,
        null,
        null,
        1,
        1,
        1,
        1,
        1,
        null,
        1,
        1,
        1,
        null,
        null,
        1,
        1,
        1,
        null,
        1,
        2,
        null,
        null,
        null,
        1,
        1,
        1,
        1,
        null,
        null,
        1,
        1,
        null,
        1,
        2,
        null,
        null,
        null
      ]
    },
    "timestamp": 1502087201
  }
}
